

*****************************************
****** LANCEMENT DU SCRIPT MAKE.SH ******
*****************************************

 >> Compilation des differentes representations de graphes.
 >> Compilation des elements relatifs a la matrice d'adjacence non orientee.
 >> Compilation des elements relatifs a la matrice d'adjacence orientee.
 >> Compilation des elements relatifs a la list d'adjacence non orientee.
 >> Compilation des elements relatifs a la list d'adjacence orientee.
 >> Compilation des elements relatifs a la matrice d'incidence non orientee.

(0,1,1,1,0,0,0,1,0,0),
(1,0,1,1,0,0,1,1,0,1),
(1,1,0,1,0,1,0,1,1,0),
(1,1,1,0,0,1,0,0,0,0),
(0,0,0,0,0,0,1,0,1,0),
(0,0,1,1,0,0,0,0,1,0),
(0,1,0,0,1,0,0,1,1,0),
(1,1,1,0,0,0,1,0,0,1),
(0,0,1,0,1,1,1,0,0,0),
(0,1,0,0,0,0,0,1,0,0),
L'inverse de cette representation est l'identite.

(0,1,1,1,0,0,0,1,0,0),
(1,0,1,1,0,0,1,1,0,1),
(1,1,0,1,0,1,0,1,1,0),
(1,1,1,0,0,1,0,0,0,0),
(0,0,0,0,0,0,1,0,1,0),
(0,0,1,1,0,0,0,0,1,0),
(0,1,0,0,1,0,0,1,1,0),
(1,1,1,0,0,0,1,0,0,1),
(0,0,1,0,1,1,1,0,0,0),
(0,1,0,0,0,0,0,1,0,0),
L'inverse de cette representation est l'identite.

(0,1,1,1,0,0,0,1,0,0),
(1,0,1,1,0,0,1,1,0,1),
(1,1,0,1,0,1,0,1,1,0),
(1,1,1,0,0,1,0,0,0,0),
(0,0,0,0,0,0,1,0,1,0),
(0,0,1,1,0,0,0,0,1,0),
(0,1,0,0,1,0,0,1,1,0),
(1,1,1,0,0,0,1,0,0,1),
(0,0,1,0,1,1,1,0,0,0),
(0,1,0,0,0,0,0,1,0,0),

Nombre de voisins de 0 : 4
1, 2, 3, 7, 
Noeuds accessibles depuis le noeud 0 via le parcours en largeur : 
0, 1, 2, 3, 7, 6, 9, 5, 8, 4, 
Noeuds accessibles depuis le noeud 0 via le parcours en profondeur : 
0, 1, 2, 3, 5, 8, 4, 6, 7, 9, 
Le graphe est connexe
L'inverse de cette representation est l'identite.
L'inverse de cette representation est l'identite.
Le graphe est fortement connexe

Nombre de noeuds : 10
Nombre d'aretes' : 20
L'arete (0,0) ne doit pas exister : 0
L'arete (1,0) doit exister : 1

Nombre de noeuds : 10
Nombre d'aretes' : 20
L'arete (1,0) ne doit plus exister : 0

(0,0,0,1,0,0,0,1,0,0),
(1,0,1,1,0,0,0,1,0,0),
(0,0,0,0,0,1,0,0,1,0),
(1,0,1,0,0,0,0,0,0,0),
(0,0,0,0,0,0,1,0,0,0),
(0,0,0,0,0,0,0,0,0,0),
(0,1,0,0,1,0,0,0,1,0),
(0,1,0,0,0,0,1,0,0,0),
(0,0,0,0,1,1,1,0,0,0),
(0,1,0,0,0,0,0,0,0,0),

(0,1,0,1,0,0,0,0,0,0),
(0,0,0,0,0,0,1,1,0,1),
(0,1,0,1,0,0,0,0,0,0),
(1,1,0,0,0,0,0,0,0,0),
(0,0,0,0,0,0,1,0,1,0),
(0,0,1,0,0,0,0,0,1,0),
(0,0,0,0,1,0,0,1,1,0),
(1,1,0,0,0,0,0,0,0,0),
(0,0,1,0,0,0,1,0,0,0),
(0,0,0,0,0,0,0,0,0,0),

(0,0,0,1,0,0,0,1,0,0),
(1,0,1,1,0,0,0,1,0,0),
(0,0,0,0,0,1,0,0,1,0),
(1,0,1,0,0,0,0,0,0,0),
(0,0,0,0,0,0,1,0,0,0),
(0,0,0,0,0,0,0,0,0,0),
(0,1,0,0,1,0,0,0,1,0),
(0,1,0,0,0,0,1,0,0,0),
(0,0,0,0,1,1,1,0,0,0),
(0,1,0,0,0,0,0,0,0,0),

Nombre de predecesseurs de 0 : 2
1, 3, 
Nombre de successeurs de 0 : 2
3, 7, 
Noeuds accessibles depuis le noeud 0 via le parcours en largeur : 
0, 3, 7, 2, 1, 6, 5, 8, 4, 
Noeuds accessibles depuis le noeud 0 via le parcours en profondeur : 
0, 3, 2, 5, 8, 4, 6, 1, 7, 
Le graphe n'est pas connexe
Le graphe n'est pas fortement connexe

Nombre de noeuds : 10
Nombre d'aretes' : 20
L'arete (0,0) ne doit pas exister : 0
L'arete (1,0) doit exister : 1

Nombre de noeuds : 10
Nombre d'aretes' : 20
L'arete (1,0) ne doit plus exister : 0

[0] : (1,3,7,2),
[1] : (7,3,2,0,9,6),
[2] : (8,1,3,5,0,7),
[3] : (1,2,0,5),
[4] : (8,6),
[5] : (8,2,3),
[6] : (8,4,1,7),
[7] : (1,6,0,9,2),
[8] : (2,4,6,5),
[9] : (1,7),
L'inverse de cette representation est l'identite.

[0] : (1,3,7,2),
[1] : (7,3,2,0,9,6),
[2] : (8,1,3,5,0,7),
[3] : (1,2,0,5),
[4] : (8,6),
[5] : (8,2,3),
[6] : (8,4,1,7),
[7] : (1,6,0,9,2),
[8] : (2,4,6,5),
[9] : (1,7),
L'inverse de cette representation est l'identite.

[0] : (1,3,7,2),
[1] : (7,3,2,0,9,6),
[2] : (8,1,3,5,0,7),
[3] : (1,2,0,5),
[4] : (8,6),
[5] : (8,2,3),
[6] : (8,4,1,7),
[7] : (1,6,0,9,2),
[8] : (2,4,6,5),
[9] : (1,7),

Nombre de voisins de 0 : 4
1, 3, 7, 2, 
Noeuds accessibles depuis le noeud 0 via le parcours en largeur : 
0, 1, 3, 7, 2, 9, 6, 5, 8, 4, 
Noeuds accessibles depuis le noeud 0 via le parcours en profondeur : 
0, 1, 7, 6, 8, 2, 3, 5, 4, 9, 
Le graphe est connexe
L'inverse de cette representation est l'identite.
L'inverse de cette representation est l'identite.
Le graphe est fortement connexe

Nombre de noeuds : 10
Nombre d'aretes' : 20
L'arete (0,0) ne doit pas exister : 0
L'arete (1,0) doit exister : 1

Nombre de noeuds : 10
Nombre d'aretes' : 20
L'arete (1,0) ne doit plus exister : 0

[0] : (3,7),
[1] : (3,2,0,7),
[2] : (8,5),
[3] : (2,0),
[4] : (6),
[5] : (),
[6] : (8,1,4),
[7] : (1,6),
[8] : (4,6,5),
[9] : (1),

[0] : (1,3),
[1] : (6,7,9),
[2] : (1,3),
[3] : (0,1),
[4] : (6,8),
[5] : (2,8),
[6] : (4,7,8),
[7] : (0,1),
[8] : (2,6),
[9] : (),

[0] : (3,7),
[1] : (0,2,3,7),
[2] : (5,8),
[3] : (0,2),
[4] : (6),
[5] : (),
[6] : (1,4,8),
[7] : (1,6),
[8] : (4,5,6),
[9] : (1),

Nombre de predecesseurs de 0 : 2
1, 3, 
Nombre de successeurs de 0 : 2
3, 7, 
Noeuds accessibles depuis le noeud 0 via le parcours en largeur : 
0, 3, 7, 2, 1, 6, 5, 8, 4, 
Noeuds accessibles depuis le noeud 0 via le parcours en profondeur : 
0, 3, 2, 5, 8, 4, 6, 1, 7, 
Le graphe n'est pas connexe
Le graphe n'est pas fortement connexe

Nombre de noeuds : 10
Nombre d'aretes' : 20
L'arete (0,0) ne doit pas exister : 0
L'arete (1,0) doit exister : 1

Nombre de noeuds : 10
Nombre d'aretes' : 20
L'arete (1,0) ne doit plus exister : 0

e0 (0,0,1,0,0,0,0,0,1,0),
e1 (0,0,0,0,1,0,0,0,1,0),
e2 (0,1,0,0,0,0,0,1,0,0),
e3 (0,1,0,1,0,0,0,0,0,0),
e4 (0,0,0,0,0,0,1,0,1,0),
e5 (0,1,1,0,0,0,0,0,0,0),
e6 (1,1,0,0,0,0,0,0,0,0),
e7 (0,1,0,0,0,0,0,0,0,1),
e8 (0,0,1,1,0,0,0,0,0,0),
e9 (0,0,0,0,1,0,1,0,0,0),
e10 (0,0,0,0,0,1,0,0,1,0),
e11 (1,0,0,1,0,0,0,0,0,0),
e12 (0,1,0,0,0,0,1,0,0,0),
e13 (0,0,1,0,0,1,0,0,0,0),
e14 (0,0,0,0,0,0,1,1,0,0),
e15 (1,0,0,0,0,0,0,1,0,0),
e16 (0,0,0,1,0,1,0,0,0,0),
e17 (0,0,0,0,0,0,0,1,0,1),
e18 (1,0,1,0,0,0,0,0,0,0),
e19 (0,0,1,0,0,0,0,1,0,0),
L'inverse de cette representation est l'identite.

e0 (0,0,1,0,0,0,0,0,1,0),
e1 (0,0,0,0,1,0,0,0,1,0),
e2 (0,1,0,0,0,0,0,1,0,0),
e3 (0,1,0,1,0,0,0,0,0,0),
e4 (0,0,0,0,0,0,1,0,1,0),
e5 (0,1,1,0,0,0,0,0,0,0),
e6 (1,1,0,0,0,0,0,0,0,0),
e7 (0,1,0,0,0,0,0,0,0,1),
e8 (0,0,1,1,0,0,0,0,0,0),
e9 (0,0,0,0,1,0,1,0,0,0),
e10 (0,0,0,0,0,1,0,0,1,0),
e11 (1,0,0,1,0,0,0,0,0,0),
e12 (0,1,0,0,0,0,1,0,0,0),
e13 (0,0,1,0,0,1,0,0,0,0),
e14 (0,0,0,0,0,0,1,1,0,0),
e15 (1,0,0,0,0,0,0,1,0,0),
e16 (0,0,0,1,0,1,0,0,0,0),
e17 (0,0,0,0,0,0,0,1,0,1),
e18 (1,0,1,0,0,0,0,0,0,0),
e19 (0,0,1,0,0,0,0,1,0,0),
L'inverse de cette representation est l'identite.

e0 (0,0,1,0,0,0,0,0,1,0),
e1 (0,0,0,0,1,0,0,0,1,0),
e2 (0,1,0,0,0,0,0,1,0,0),
e3 (0,1,0,1,0,0,0,0,0,0),
e4 (0,0,0,0,0,0,1,0,1,0),
e5 (0,1,1,0,0,0,0,0,0,0),
e6 (1,1,0,0,0,0,0,0,0,0),
e7 (0,1,0,0,0,0,0,0,0,1),
e8 (0,0,1,1,0,0,0,0,0,0),
e9 (0,0,0,0,1,0,1,0,0,0),
e10 (0,0,0,0,0,1,0,0,1,0),
e11 (1,0,0,1,0,0,0,0,0,0),
e12 (0,1,0,0,0,0,1,0,0,0),
e13 (0,0,1,0,0,1,0,0,0,0),
e14 (0,0,0,0,0,0,1,1,0,0),
e15 (1,0,0,0,0,0,0,1,0,0),
e16 (0,0,0,1,0,1,0,0,0,0),
e17 (0,0,0,0,0,0,0,1,0,1),
e18 (1,0,1,0,0,0,0,0,0,0),
e19 (0,0,1,0,0,0,0,1,0,0),

Nombre de voisins de 0 : 4
1, 3, 7, 2, 
Noeuds accessibles depuis le noeud 0 via le parcours en largeur : 
0, 1, 3, 7, 2, 9, 6, 5, 8, 4, 
Noeuds accessibles depuis le noeud 0 via le parcours en profondeur : 
0, 1, 7, 6, 8, 2, 3, 5, 4, 9, 
Le graphe est connexe
L'inverse de cette representation est l'identite.
L'inverse de cette representation est l'identite.
Le graphe est fortement connexe

Nombre de noeuds : 10
Nombre d'aretes' : 20
L'arete (0,0) ne doit pas exister : 0
L'arete (1,0) doit exister : 1

Nombre de noeuds : 10
Nombre d'aretes' : 20
L'arete (1,0) ne doit plus exister : 0


*****************************************
****** LANCEMENT DU SCRIPT MAKE.SH ******
*****************************************

 >> Compilation des differentes representations de graphes.
 >> Compilation des elements relatifs a la matrice d'adjacence non orientee.
 >> Compilation des elements relatifs a la matrice d'adjacence orientee.
 >> Compilation des elements relatifs a la list d'adjacence non orientee.
 >> Compilation des elements relatifs a la list d'adjacence orientee.
 >> Compilation des elements relatifs a la matrice d'incidence non orientee.

(0,0,1,1,1,0,0,1,0,1),
(0,0,1,0,0,1,0,0,1,1),
(1,1,0,0,1,1,1,0,1,0),
(1,0,0,0,1,1,0,1,0,0),
(1,0,1,1,0,0,0,0,0,0),
(0,1,1,1,0,0,0,0,0,1),
(0,0,1,0,0,0,0,1,0,1),
(1,0,0,1,0,0,1,0,0,1),
(0,1,1,0,0,0,0,0,0,0),
(1,1,0,0,0,1,1,1,0,0),
L'inverse de cette representation est l'identite.

(0,0,1,1,1,0,0,1,0,1),
(0,0,1,0,0,1,0,0,1,1),
(1,1,0,0,1,1,1,0,1,0),
(1,0,0,0,1,1,0,1,0,0),
(1,0,1,1,0,0,0,0,0,0),
(0,1,1,1,0,0,0,0,0,1),
(0,0,1,0,0,0,0,1,0,1),
(1,0,0,1,0,0,1,0,0,1),
(0,1,1,0,0,0,0,0,0,0),
(1,1,0,0,0,1,1,1,0,0),
L'inverse de cette representation est l'identite.

(0,0,1,1,1,0,0,1,0,1),
(0,0,1,0,0,1,0,0,1,1),
(1,1,0,0,1,1,1,0,1,0),
(1,0,0,0,1,1,0,1,0,0),
(1,0,1,1,0,0,0,0,0,0),
(0,1,1,1,0,0,0,0,0,1),
(0,0,1,0,0,0,0,1,0,1),
(1,0,0,1,0,0,1,0,0,1),
(0,1,1,0,0,0,0,0,0,0),
(1,1,0,0,0,1,1,1,0,0),

Nombre de voisins de 0 : 5
2, 3, 4, 7, 9, 
Noeuds accessibles depuis le noeud 0 via le parcours en largeur : 
0, 2, 3, 4, 7, 9, 1, 5, 6, 8, 
Noeuds accessibles depuis le noeud 0 via le parcours en profondeur : 
0, 2, 1, 5, 3, 4, 7, 6, 9, 8, 
Le graphe est connexe
L'inverse de cette representation est l'identite.
L'inverse de cette representation est l'identite.
Le graphe est fortement connexe

Nombre de noeuds : 10
Nombre d'aretes' : 20
L'arete (0,0) ne doit pas exister : 0
L'arete (1,0) doit exister : 1

Nombre de noeuds : 10
Nombre d'aretes' : 21
L'arete (1,0) ne doit plus exister : 0

(0,0,0,1,0,0,0,0,0,0),
(0,0,1,0,0,1,0,0,0,1),
(1,0,0,0,1,1,1,0,0,0),
(0,0,0,0,1,1,0,0,0,0),
(0,0,0,0,0,0,0,0,0,0),
(0,0,0,0,0,0,0,0,0,0),
(0,0,1,0,0,0,0,0,0,0),
(1,0,0,0,0,0,1,0,0,1),
(0,1,1,0,0,0,0,0,0,0),
(1,0,0,0,0,1,1,1,0,0),

(0,0,1,0,0,0,0,1,0,1),
(0,0,0,0,0,0,0,0,1,0),
(0,1,0,0,0,0,1,0,1,0),
(1,0,0,0,0,0,0,0,0,0),
(0,0,1,1,0,0,0,0,0,0),
(0,1,1,1,0,0,0,0,0,1),
(0,0,1,0,0,0,0,1,0,1),
(0,0,0,0,0,0,0,0,0,1),
(0,0,0,0,0,0,0,0,0,0),
(0,1,0,0,0,0,0,1,0,0),

(0,0,0,1,0,0,0,0,0,0),
(0,0,1,0,0,1,0,0,0,1),
(1,0,0,0,1,1,1,0,0,0),
(0,0,0,0,1,1,0,0,0,0),
(0,0,0,0,0,0,0,0,0,0),
(0,0,0,0,0,0,0,0,0,0),
(0,0,1,0,0,0,0,0,0,0),
(1,0,0,0,0,0,1,0,0,1),
(0,1,1,0,0,0,0,0,0,0),
(1,0,0,0,0,1,1,1,0,0),

Nombre de predecesseurs de 0 : 3
2, 7, 9, 
Nombre de successeurs de 0 : 1
3, 
Noeuds accessibles depuis le noeud 0 via le parcours en largeur : 
0, 3, 4, 5, 
Noeuds accessibles depuis le noeud 0 via le parcours en profondeur : 
0, 3, 4, 5, 
Le graphe n'est pas connexe
Le graphe n'est pas fortement connexe

Nombre de noeuds : 10
Nombre d'aretes' : 20
L'arete (0,0) ne doit pas exister : 0
L'arete (1,0) doit exister : 1

Nombre de noeuds : 10
Nombre d'aretes' : 21
L'arete (1,0) ne doit plus exister : 0

[0] : (3,9,7,2,4),
[1] : (2,5,8,9),
[2] : (6,1,4,5,0,8),
[3] : (0,5,4,7),
[4] : (2,3,0),
[5] : (9,1,2,3),
[6] : (2,7,9),
[7] : (9,6,0,3),
[8] : (1,2),
[9] : (7,5,0,6,1),
L'inverse de cette representation est l'identite.

[0] : (3,9,7,2,4),
[1] : (2,5,8,9),
[2] : (6,1,4,5,0,8),
[3] : (0,5,4,7),
[4] : (2,3,0),
[5] : (9,1,2,3),
[6] : (2,7,9),
[7] : (9,6,0,3),
[8] : (1,2),
[9] : (7,5,0,6,1),
L'inverse de cette representation est l'identite.

[0] : (3,9,7,2,4),
[1] : (2,5,8,9),
[2] : (6,1,4,5,0,8),
[3] : (0,5,4,7),
[4] : (2,3,0),
[5] : (9,1,2,3),
[6] : (2,7,9),
[7] : (9,6,0,3),
[8] : (1,2),
[9] : (7,5,0,6,1),

Nombre de voisins de 0 : 5
3, 9, 7, 2, 4, 
Noeuds accessibles depuis le noeud 0 via le parcours en largeur : 
0, 3, 9, 7, 2, 4, 5, 6, 1, 8, 
Noeuds accessibles depuis le noeud 0 via le parcours en profondeur : 
0, 3, 5, 9, 7, 6, 2, 1, 8, 4, 
Le graphe est connexe
L'inverse de cette representation est l'identite.
L'inverse de cette representation est l'identite.
Le graphe est fortement connexe

Nombre de noeuds : 10
Nombre d'aretes' : 20
L'arete (0,0) ne doit pas exister : 0
L'arete (1,0) doit exister : 1

Nombre de noeuds : 10
Nombre d'aretes' : 21
L'arete (1,0) ne doit plus exister : 0

[0] : (7,6),
[1] : (9,5),
[2] : (9,4),
[3] : (1,5,4,0),
[4] : (8),
[5] : (6),
[6] : (0,2,9),
[7] : (9,0),
[8] : (1,7),
[9] : (5),

[0] : (3,6,7),
[1] : (3,8),
[2] : (6),
[3] : (),
[4] : (2,3),
[5] : (1,3,9),
[6] : (0,5),
[7] : (0,8),
[8] : (4),
[9] : (1,2,6,7),

[0] : (6,7),
[1] : (5,9),
[2] : (4,9),
[3] : (0,1,4,5),
[4] : (8),
[5] : (6),
[6] : (0,2,9),
[7] : (0,9),
[8] : (1,7),
[9] : (5),

Nombre de predecesseurs de 0 : 3
3, 6, 7, 
Nombre de successeurs de 0 : 2
6, 7, 
Noeuds accessibles depuis le noeud 0 via le parcours en largeur : 
0, 6, 7, 2, 9, 4, 5, 8, 1, 
Noeuds accessibles depuis le noeud 0 via le parcours en profondeur : 
0, 6, 2, 4, 8, 1, 5, 9, 7, 
Le graphe n'est pas connexe
Le graphe n'est pas fortement connexe

Nombre de noeuds : 10
Nombre d'aretes' : 20
L'arete (0,0) ne doit pas exister : 0
L'arete (1,0) doit exister : 1

Nombre de noeuds : 10
Nombre d'aretes' : 21
L'arete (1,0) ne doit plus exister : 0

e0 (0,0,1,0,0,0,1,0,0,0),
e1 (1,0,0,1,0,0,0,0,0,0),
e2 (0,0,0,0,0,0,0,1,0,1),
e3 (0,1,1,0,0,0,0,0,0,0),
e4 (0,0,0,0,0,1,0,0,0,1),
e5 (0,1,0,0,0,1,0,0,0,0),
e6 (0,0,1,0,1,0,0,0,0,0),
e7 (1,0,0,0,0,0,0,0,0,1),
e8 (0,0,0,0,0,0,1,1,0,0),
e9 (0,1,0,0,0,0,0,0,1,0),
e10 (0,0,0,0,0,0,1,0,0,1),
e11 (0,0,1,0,0,1,0,0,0,0),
e12 (1,0,0,0,0,0,0,1,0,0),
e13 (1,0,1,0,0,0,0,0,0,0),
e14 (0,0,0,1,0,1,0,0,0,0),
e15 (0,0,0,1,1,0,0,0,0,0),
e16 (0,0,1,0,0,0,0,0,1,0),
e17 (0,1,0,0,0,0,0,0,0,1),
e18 (0,0,0,1,0,0,0,1,0,0),
e19 (1,0,0,0,1,0,0,0,0,0),
L'inverse de cette representation est l'identite.

e0 (0,0,1,0,0,0,1,0,0,0),
e1 (1,0,0,1,0,0,0,0,0,0),
e2 (0,0,0,0,0,0,0,1,0,1),
e3 (0,1,1,0,0,0,0,0,0,0),
e4 (0,0,0,0,0,1,0,0,0,1),
e5 (0,1,0,0,0,1,0,0,0,0),
e6 (0,0,1,0,1,0,0,0,0,0),
e7 (1,0,0,0,0,0,0,0,0,1),
e8 (0,0,0,0,0,0,1,1,0,0),
e9 (0,1,0,0,0,0,0,0,1,0),
e10 (0,0,0,0,0,0,1,0,0,1),
e11 (0,0,1,0,0,1,0,0,0,0),
e12 (1,0,0,0,0,0,0,1,0,0),
e13 (1,0,1,0,0,0,0,0,0,0),
e14 (0,0,0,1,0,1,0,0,0,0),
e15 (0,0,0,1,1,0,0,0,0,0),
e16 (0,0,1,0,0,0,0,0,1,0),
e17 (0,1,0,0,0,0,0,0,0,1),
e18 (0,0,0,1,0,0,0,1,0,0),
e19 (1,0,0,0,1,0,0,0,0,0),
L'inverse de cette representation est l'identite.

e0 (0,0,1,0,0,0,1,0,0,0),
e1 (1,0,0,1,0,0,0,0,0,0),
e2 (0,0,0,0,0,0,0,1,0,1),
e3 (0,1,1,0,0,0,0,0,0,0),
e4 (0,0,0,0,0,1,0,0,0,1),
e5 (0,1,0,0,0,1,0,0,0,0),
e6 (0,0,1,0,1,0,0,0,0,0),
e7 (1,0,0,0,0,0,0,0,0,1),
e8 (0,0,0,0,0,0,1,1,0,0),
e9 (0,1,0,0,0,0,0,0,1,0),
e10 (0,0,0,0,0,0,1,0,0,1),
e11 (0,0,1,0,0,1,0,0,0,0),
e12 (1,0,0,0,0,0,0,1,0,0),
e13 (1,0,1,0,0,0,0,0,0,0),
e14 (0,0,0,1,0,1,0,0,0,0),
e15 (0,0,0,1,1,0,0,0,0,0),
e16 (0,0,1,0,0,0,0,0,1,0),
e17 (0,1,0,0,0,0,0,0,0,1),
e18 (0,0,0,1,0,0,0,1,0,0),
e19 (1,0,0,0,1,0,0,0,0,0),

Nombre de voisins de 0 : 5
3, 9, 7, 2, 4, 
Noeuds accessibles depuis le noeud 0 via le parcours en largeur : 
0, 3, 9, 7, 2, 4, 5, 6, 1, 8, 
Noeuds accessibles depuis le noeud 0 via le parcours en profondeur : 
0, 3, 5, 9, 7, 6, 2, 1, 8, 4, 
Le graphe est connexe
L'inverse de cette representation est l'identite.
L'inverse de cette representation est l'identite.
Le graphe est fortement connexe

Nombre de noeuds : 10
Nombre d'aretes' : 20
L'arete (0,0) ne doit pas exister : 0
L'arete (1,0) doit exister : 1

Nombre de noeuds : 10
Nombre d'aretes' : 21
L'arete (1,0) ne doit plus exister : 0


*****************************************
****** LANCEMENT DU SCRIPT MAKE.SH ******
*****************************************

 >> Compilation des differentes representations de graphes.
 >> Compilation des elements relatifs a la matrice d'adjacence non orientee.
 >> Compilation des elements relatifs a la matrice d'adjacence orientee.
 >> Compilation des elements relatifs a la list d'adjacence non orientee.
 >> Compilation des elements relatifs a la list d'adjacence orientee.
 >> Compilation des elements relatifs a la matrice d'incidence non orientee.

(0,0,1,0,0,1,1,1,1,0),
(0,0,0,0,0,0,0,0,0,0),
(1,0,0,1,0,1,0,0,1,1),
(0,0,1,0,0,0,1,0,1,0),
(0,0,0,0,0,1,0,1,1,1),
(1,0,1,0,1,0,1,1,1,0),
(1,0,0,1,0,1,0,0,1,0),
(1,0,0,0,1,1,0,0,1,0),
(1,0,1,1,1,1,1,1,0,0),
(0,0,1,0,1,0,0,0,0,0),
L'inverse de cette representation est l'identite.

(0,0,1,0,0,1,1,1,1,0),
(0,0,0,0,0,0,0,0,0,0),
(1,0,0,1,0,1,0,0,1,1),
(0,0,1,0,0,0,1,0,1,0),
(0,0,0,0,0,1,0,1,1,1),
(1,0,1,0,1,0,1,1,1,0),
(1,0,0,1,0,1,0,0,1,0),
(1,0,0,0,1,1,0,0,1,0),
(1,0,1,1,1,1,1,1,0,0),
(0,0,1,0,1,0,0,0,0,0),
L'inverse de cette representation est l'identite.

(0,0,1,0,0,1,1,1,1,0),
(0,0,0,0,0,0,0,0,0,0),
(1,0,0,1,0,1,0,0,1,1),
(0,0,1,0,0,0,1,0,1,0),
(0,0,0,0,0,1,0,1,1,1),
(1,0,1,0,1,0,1,1,1,0),
(1,0,0,1,0,1,0,0,1,0),
(1,0,0,0,1,1,0,0,1,0),
(1,0,1,1,1,1,1,1,0,0),
(0,0,1,0,1,0,0,0,0,0),

Nombre de voisins de 0 : 5
2, 5, 6, 7, 8, 
Noeuds accessibles depuis le noeud 0 via le parcours en largeur : 
0, 2, 5, 6, 7, 8, 3, 9, 4, 
Noeuds accessibles depuis le noeud 0 via le parcours en profondeur : 
0, 2, 3, 6, 5, 4, 7, 8, 9, 
Le graphe n'est pas connexe
L'inverse de cette representation est l'identite.
L'inverse de cette representation est l'identite.
Le graphe n'est pas fortement connexe

Nombre de noeuds : 10
Nombre d'aretes' : 20
L'arete (0,0) ne doit pas exister : 0
L'arete (1,0) doit exister : 1

Nombre de noeuds : 10
Nombre d'aretes' : 21
L'arete (1,0) ne doit plus exister : 0

(0,0,3,0,0,0,0,0,3,0),
(0,0,0,0,0,0,0,0,0,0),
(0,0,0,0,0,5,0,6,2,0),
(0,0,7,0,0,1,0,0,0,9),
(0,0,0,0,0,0,0,0,0,4),
(0,0,0,0,0,0,0,0,0,0),
(6,7,0,0,0,0,0,5,0,2),
(0,5,0,0,5,0,0,0,0,4),
(0,0,0,0,0,8,0,0,0,0),
(1,9,0,0,0,0,0,3,0,0),

(0,0,0,0,0,0,6,0,0,1),
(0,0,0,0,0,0,7,5,0,9),
(3,0,0,7,0,0,0,0,0,0),
(0,0,0,0,0,0,0,0,0,0),
(0,0,0,0,0,0,0,5,0,0),
(0,0,5,1,0,0,0,0,8,0),
(0,0,0,0,0,0,0,0,0,0),
(0,0,6,0,0,0,5,0,0,3),
(3,0,2,0,0,0,0,0,0,0),
(0,0,0,9,4,0,2,4,0,0),

(0,0,3,0,0,0,0,0,3,0),
(0,0,0,0,0,0,0,0,0,0),
(0,0,0,0,0,5,0,6,2,0),
(0,0,7,0,0,1,0,0,0,9),
(0,0,0,0,0,0,0,0,0,4),
(0,0,0,0,0,0,0,0,0,0),
(6,7,0,0,0,0,0,5,0,2),
(0,5,0,0,5,0,0,0,0,4),
(0,0,0,0,0,8,0,0,0,0),
(1,9,0,0,0,0,0,3,0,0),

Nombre de predecesseurs de 0 : 2
6, 9, 
Nombre de successeurs de 0 : 2
2, 8, 
Noeuds accessibles depuis le noeud 0 via le parcours en largeur : 
0, 2, 8, 5, 7, 1, 4, 9, 
Noeuds accessibles depuis le noeud 0 via le parcours en profondeur : 
0, 2, 5, 7, 1, 4, 9, 8, 
Le graphe n'est pas connexe
Le graphe n'est pas fortement connexe

Nombre de noeuds : 10
Nombre d'aretes' : 20
L'arete (0,0) ne doit pas exister : 0
L'arete (1,0) doit exister : 1

Nombre de noeuds : 10
Nombre d'aretes' : 21
L'arete (1,0) ne doit plus exister : 0

[0] : (7,5,6,8,2),
[1] : (),
[2] : (3,5,9,8,0),
[3] : (2,8,6),
[4] : (7,9,5,8),
[5] : (6,7,2,0,8,4),
[6] : (5,8,0,3),
[7] : (0,5,4,8),
[8] : (3,5,6,0,7,2,4),
[9] : (4,2),
L'inverse de cette representation est l'identite.

[0] : (7,5,6,8,2),
[1] : (),
[2] : (3,5,9,8,0),
[3] : (2,8,6),
[4] : (7,9,5,8),
[5] : (6,7,2,0,8,4),
[6] : (5,8,0,3),
[7] : (0,5,4,8),
[8] : (3,5,6,0,7,2,4),
[9] : (4,2),
L'inverse de cette representation est l'identite.

[0] : (7,5,6,8,2),
[1] : (),
[2] : (3,5,9,8,0),
[3] : (2,8,6),
[4] : (7,9,5,8),
[5] : (6,7,2,0,8,4),
[6] : (5,8,0,3),
[7] : (0,5,4,8),
[8] : (3,5,6,0,7,2,4),
[9] : (4,2),

Nombre de voisins de 0 : 5
7, 5, 6, 8, 2, 
Noeuds accessibles depuis le noeud 0 via le parcours en largeur : 
0, 7, 5, 6, 8, 2, 4, 3, 9, 
Noeuds accessibles depuis le noeud 0 via le parcours en profondeur : 
0, 7, 5, 6, 8, 3, 2, 9, 4, 
Le graphe n'est pas connexe
L'inverse de cette representation est l'identite.
L'inverse de cette representation est l'identite.
Le graphe n'est pas fortement connexe

Nombre de noeuds : 10
Nombre d'aretes' : 20
L'arete (0,0) ne doit pas exister : 0
L'arete (1,0) doit exister : 1

Nombre de noeuds : 10
Nombre d'aretes' : 21
L'arete (1,0) ne doit plus exister : 0

[0] : (8,2),
[1] : (),
[2] : (5,8,7),
[3] : (2,9,5),
[4] : (9),
[5] : (),
[6] : (7,0,9,1),
[7] : (4,1,9),
[8] : (5),
[9] : (7,1,0),

[0] : (6,9),
[1] : (6,7,9),
[2] : (0,3),
[3] : (),
[4] : (7),
[5] : (2,3,8),
[6] : (),
[7] : (2,6,9),
[8] : (0,2),
[9] : (3,4,6,7),

[0] : (2,8),
[1] : (),
[2] : (5,7,8),
[3] : (2,5,9),
[4] : (9),
[5] : (),
[6] : (0,1,7,9),
[7] : (1,4,9),
[8] : (5),
[9] : (0,1,7),

Nombre de predecesseurs de 0 : 2
6, 9, 
Nombre de successeurs de 0 : 2
2, 8, 
Noeuds accessibles depuis le noeud 0 via le parcours en largeur : 
0, 2, 8, 5, 7, 1, 4, 9, 
Noeuds accessibles depuis le noeud 0 via le parcours en profondeur : 
0, 2, 5, 7, 1, 4, 9, 8, 
Le graphe n'est pas connexe
Le graphe n'est pas fortement connexe

Nombre de noeuds : 10
Nombre d'aretes' : 20
L'arete (0,0) ne doit pas exister : 0
L'arete (1,0) doit exister : 1

Nombre de noeuds : 10
Nombre d'aretes' : 21
L'arete (1,0) ne doit plus exister : 0

e0 (0,0,1,1,0,0,0,0,0,0),
e1 (1,0,0,0,0,0,0,1,0,0),
e2 (0,0,0,1,0,0,0,0,1,0),
e3 (0,0,0,0,0,1,1,0,0,0),
e4 (0,0,0,0,0,1,0,1,0,0),
e5 (0,0,1,0,0,1,0,0,0,0),
e6 (1,0,0,0,0,1,0,0,0,0),
e7 (0,0,0,0,0,1,0,0,1,0),
e8 (0,0,0,0,0,0,1,0,1,0),
e9 (1,0,0,0,0,0,1,0,0,0),
e10 (0,0,0,0,1,0,0,1,0,0),
e11 (0,0,0,0,1,0,0,0,0,1),
e12 (0,0,0,1,0,0,1,0,0,0),
e13 (0,0,1,0,0,0,0,0,0,1),
e14 (1,0,0,0,0,0,0,0,1,0),
e15 (0,0,0,0,0,0,0,1,1,0),
e16 (0,0,0,0,1,1,0,0,0,0),
e17 (0,0,1,0,0,0,0,0,1,0),
e18 (1,0,1,0,0,0,0,0,0,0),
e19 (0,0,0,0,1,0,0,0,1,0),
L'inverse de cette representation est l'identite.

e0 (0,0,1,1,0,0,0,0,0,0),
e1 (1,0,0,0,0,0,0,1,0,0),
e2 (0,0,0,1,0,0,0,0,1,0),
e3 (0,0,0,0,0,1,1,0,0,0),
e4 (0,0,0,0,0,1,0,1,0,0),
e5 (0,0,1,0,0,1,0,0,0,0),
e6 (1,0,0,0,0,1,0,0,0,0),
e7 (0,0,0,0,0,1,0,0,1,0),
e8 (0,0,0,0,0,0,1,0,1,0),
e9 (1,0,0,0,0,0,1,0,0,0),
e10 (0,0,0,0,1,0,0,1,0,0),
e11 (0,0,0,0,1,0,0,0,0,1),
e12 (0,0,0,1,0,0,1,0,0,0),
e13 (0,0,1,0,0,0,0,0,0,1),
e14 (1,0,0,0,0,0,0,0,1,0),
e15 (0,0,0,0,0,0,0,1,1,0),
e16 (0,0,0,0,1,1,0,0,0,0),
e17 (0,0,1,0,0,0,0,0,1,0),
e18 (1,0,1,0,0,0,0,0,0,0),
e19 (0,0,0,0,1,0,0,0,1,0),
L'inverse de cette representation est l'identite.

e0 (0,0,1,1,0,0,0,0,0,0),
e1 (1,0,0,0,0,0,0,1,0,0),
e2 (0,0,0,1,0,0,0,0,1,0),
e3 (0,0,0,0,0,1,1,0,0,0),
e4 (0,0,0,0,0,1,0,1,0,0),
e5 (0,0,1,0,0,1,0,0,0,0),
e6 (1,0,0,0,0,1,0,0,0,0),
e7 (0,0,0,0,0,1,0,0,1,0),
e8 (0,0,0,0,0,0,1,0,1,0),
e9 (1,0,0,0,0,0,1,0,0,0),
e10 (0,0,0,0,1,0,0,1,0,0),
e11 (0,0,0,0,1,0,0,0,0,1),
e12 (0,0,0,1,0,0,1,0,0,0),
e13 (0,0,1,0,0,0,0,0,0,1),
e14 (1,0,0,0,0,0,0,0,1,0),
e15 (0,0,0,0,0,0,0,1,1,0),
e16 (0,0,0,0,1,1,0,0,0,0),
e17 (0,0,1,0,0,0,0,0,1,0),
e18 (1,0,1,0,0,0,0,0,0,0),
e19 (0,0,0,0,1,0,0,0,1,0),

Nombre de voisins de 0 : 5
7, 5, 6, 8, 2, 
Noeuds accessibles depuis le noeud 0 via le parcours en largeur : 
0, 7, 5, 6, 8, 2, 4, 3, 9, 
Noeuds accessibles depuis le noeud 0 via le parcours en profondeur : 
0, 7, 5, 6, 8, 3, 2, 9, 4, 
Le graphe n'est pas connexe
L'inverse de cette representation est l'identite.
L'inverse de cette representation est l'identite.
Le graphe n'est pas fortement connexe

Nombre de noeuds : 10
Nombre d'aretes' : 20
L'arete (0,0) ne doit pas exister : 0
L'arete (1,0) doit exister : 1

Nombre de noeuds : 10
Nombre d'aretes' : 21
L'arete (1,0) ne doit plus exister : 0


*****************************************
****** LANCEMENT DU SCRIPT MAKE.SH ******
*****************************************

 >> Compilation des differentes representations de graphes.
 >> Compilation des elements relatifs a la matrice d'adjacence non orientee.
 >> Compilation des elements relatifs a la matrice d'adjacence orientee.
 >> Compilation des elements relatifs a la list d'adjacence non orientee.
 >> Compilation des elements relatifs a la list d'adjacence orientee.
 >> Compilation des elements relatifs a la matrice d'incidence non orientee.

(0,0,0,1,0,1,0,0,1,0),
(0,0,1,0,0,1,0,0,0,0),
(0,1,0,1,1,1,1,0,0,1),
(1,0,1,0,1,1,0,0,1,1),
(0,0,1,1,0,1,1,0,0,1),
(1,1,1,1,1,0,0,0,0,1),
(0,0,1,0,1,0,0,0,0,1),
(0,0,0,0,0,0,0,0,1,0),
(1,0,0,1,0,0,0,1,0,0),
(0,0,1,1,1,1,1,0,0,0),
L'inverse de cette representation est l'identite.

(0,0,0,1,0,1,0,0,1,0),
(0,0,1,0,0,1,0,0,0,0),
(0,1,0,1,1,1,1,0,0,1),
(1,0,1,0,1,1,0,0,1,1),
(0,0,1,1,0,1,1,0,0,1),
(1,1,1,1,1,0,0,0,0,1),
(0,0,1,0,1,0,0,0,0,1),
(0,0,0,0,0,0,0,0,1,0),
(1,0,0,1,0,0,0,1,0,0),
(0,0,1,1,1,1,1,0,0,0),
L'inverse de cette representation est l'identite.

(0,0,0,1,0,1,0,0,1,0),
(0,0,1,0,0,1,0,0,0,0),
(0,1,0,1,1,1,1,0,0,1),
(1,0,1,0,1,1,0,0,1,1),
(0,0,1,1,0,1,1,0,0,1),
(1,1,1,1,1,0,0,0,0,1),
(0,0,1,0,1,0,0,0,0,1),
(0,0,0,0,0,0,0,0,1,0),
(1,0,0,1,0,0,0,1,0,0),
(0,0,1,1,1,1,1,0,0,0),

Nombre de voisins de 0 : 3
3, 5, 8, 
Noeuds accessibles depuis le noeud 0 via le parcours en largeur : 
0, 3, 5, 8, 2, 4, 9, 1, 7, 6, 
Noeuds accessibles depuis le noeud 0 via le parcours en profondeur : 
0, 3, 2, 1, 5, 4, 6, 9, 8, 7, 
Le graphe est connexe
L'inverse de cette representation est l'identite.
L'inverse de cette representation est l'identite.
Le graphe est fortement connexe

Nombre de noeuds : 10
Nombre d'aretes' : 20
L'arete (0,0) ne doit pas exister : 0
L'arete (1,0) doit exister : 1

Nombre de noeuds : 10
Nombre d'aretes' : 21
L'arete (1,0) ne doit plus exister : 0

(0,0,0,0,7,0,0,0,0,5),
(0,0,0,0,0,0,0,0,0,0),
(0,5,0,0,5,9,0,0,0,0),
(0,0,0,0,9,0,0,0,3,0),
(0,0,0,0,0,3,0,0,0,0),
(5,9,0,0,0,0,8,0,8,0),
(0,0,2,0,0,0,0,0,0,0),
(0,0,0,0,0,0,0,0,0,0),
(6,0,0,4,0,0,0,0,0,0),
(0,2,0,8,0,0,4,0,0,0),

(0,0,0,0,0,5,0,0,6,0),
(0,0,5,0,0,9,0,0,0,2),
(0,0,0,0,0,0,2,0,0,0),
(0,0,0,0,0,0,0,0,4,8),
(7,0,5,9,0,0,0,0,0,0),
(0,0,9,0,3,0,0,0,0,0),
(0,0,0,0,0,8,0,0,0,4),
(0,0,0,0,0,0,0,0,0,0),
(0,0,0,3,0,8,0,0,0,0),
(5,0,0,0,0,0,0,0,0,0),

(0,0,0,0,7,0,0,0,0,5),
(0,0,0,0,0,0,0,0,0,0),
(0,5,0,0,5,9,0,0,0,0),
(0,0,0,0,9,0,0,0,3,0),
(0,0,0,0,0,3,0,0,0,0),
(5,9,0,0,0,0,8,0,8,0),
(0,0,2,0,0,0,0,0,0,0),
(0,0,0,0,0,0,0,0,0,0),
(6,0,0,4,0,0,0,0,0,0),
(0,2,0,8,0,0,4,0,0,0),

Nombre de predecesseurs de 0 : 2
5, 8, 
Nombre de successeurs de 0 : 2
4, 9, 
Noeuds accessibles depuis le noeud 0 via le parcours en largeur : 
0, 4, 9, 5, 1, 3, 6, 8, 2, 
Noeuds accessibles depuis le noeud 0 via le parcours en profondeur : 
0, 4, 5, 1, 6, 2, 8, 3, 9, 
Le graphe n'est pas connexe
Le graphe n'est pas fortement connexe

Nombre de noeuds : 10
Nombre d'aretes' : 20
L'arete (0,0) ne doit pas exister : 0
L'arete (1,0) doit exister : 1

Nombre de noeuds : 10
Nombre d'aretes' : 21
L'arete (1,0) ne doit plus exister : 0

[0] : (3,8,5),
[1] : (5,2),
[2] : (5,1,9,6,3,4),
[3] : (8,9,5,4,2,0),
[4] : (6,5,9,3,2),
[5] : (2,1,4,3,9,0),
[6] : (4,9,2),
[7] : (8),
[8] : (3,7,0),
[9] : (3,5,6,4,2),
L'inverse de cette representation est l'identite.

[0] : (3,8,5),
[1] : (5,2),
[2] : (5,1,9,6,3,4),
[3] : (8,9,5,4,2,0),
[4] : (6,5,9,3,2),
[5] : (2,1,4,3,9,0),
[6] : (4,9,2),
[7] : (8),
[8] : (3,7,0),
[9] : (3,5,6,4,2),
L'inverse de cette representation est l'identite.

[0] : (3,8,5),
[1] : (5,2),
[2] : (5,1,9,6,3,4),
[3] : (8,9,5,4,2,0),
[4] : (6,5,9,3,2),
[5] : (2,1,4,3,9,0),
[6] : (4,9,2),
[7] : (8),
[8] : (3,7,0),
[9] : (3,5,6,4,2),

Nombre de voisins de 0 : 3
3, 8, 5, 
Noeuds accessibles depuis le noeud 0 via le parcours en largeur : 
0, 3, 8, 5, 9, 4, 2, 7, 1, 6, 
Noeuds accessibles depuis le noeud 0 via le parcours en profondeur : 
0, 3, 8, 7, 9, 5, 2, 1, 6, 4, 
Le graphe est connexe
L'inverse de cette representation est l'identite.
L'inverse de cette representation est l'identite.
Le graphe est fortement connexe

Nombre de noeuds : 10
Nombre d'aretes' : 20
L'arete (0,0) ne doit pas exister : 0
L'arete (1,0) doit exister : 1

Nombre de noeuds : 10
Nombre d'aretes' : 21
L'arete (1,0) ne doit plus exister : 0

[0] : (4,9),
[1] : (9),
[2] : (5,1,4),
[3] : (4,8),
[4] : (5),
[5] : (1,0,6,8),
[6] : (2),
[7] : (),
[8] : (3,7,0),
[9] : (3,6,1),

[0] : (5,8),
[1] : (2,5,9),
[2] : (6),
[3] : (8,9),
[4] : (0,2,3),
[5] : (2,4),
[6] : (5,9),
[7] : (8),
[8] : (3,5),
[9] : (0,1),

[0] : (4,9),
[1] : (9),
[2] : (1,4,5),
[3] : (4,8),
[4] : (5),
[5] : (0,1,6,8),
[6] : (2),
[7] : (),
[8] : (0,3,7),
[9] : (1,3,6),

Nombre de predecesseurs de 0 : 2
5, 8, 
Nombre de successeurs de 0 : 2
4, 9, 
Noeuds accessibles depuis le noeud 0 via le parcours en largeur : 
0, 4, 9, 5, 1, 3, 6, 8, 2, 7, 
Noeuds accessibles depuis le noeud 0 via le parcours en profondeur : 
0, 4, 5, 1, 9, 3, 8, 7, 6, 2, 
Le graphe est connexe
Le graphe n'est pas fortement connexe

Nombre de noeuds : 10
Nombre d'aretes' : 20
L'arete (0,0) ne doit pas exister : 0
L'arete (1,0) doit exister : 1

Nombre de noeuds : 10
Nombre d'aretes' : 21
L'arete (1,0) ne doit plus exister : 0

e0 (0,0,1,0,0,1,0,0,0,0),
e1 (0,0,0,1,0,0,0,0,1,0),
e2 (0,1,0,0,0,1,0,0,0,0),
e3 (0,0,0,0,1,0,1,0,0,0),
e4 (0,0,0,0,1,1,0,0,0,0),
e5 (0,0,0,1,0,0,0,0,0,1),
e6 (0,0,0,1,0,1,0,0,0,0),
e7 (0,1,1,0,0,0,0,0,0,0),
e8 (0,0,0,0,0,1,0,0,0,1),
e9 (0,0,0,0,0,0,1,0,0,1),
e10 (0,0,0,0,1,0,0,0,0,1),
e11 (0,0,0,1,1,0,0,0,0,0),
e12 (0,0,1,0,0,0,0,0,0,1),
e13 (0,0,1,0,0,0,1,0,0,0),
e14 (0,0,1,1,0,0,0,0,0,0),
e15 (0,0,0,0,0,0,0,1,1,0),
e16 (1,0,0,1,0,0,0,0,0,0),
e17 (1,0,0,0,0,0,0,0,1,0),
e18 (1,0,0,0,0,1,0,0,0,0),
e19 (0,0,1,0,1,0,0,0,0,0),
L'inverse de cette representation est l'identite.

e0 (0,0,1,0,0,1,0,0,0,0),
e1 (0,0,0,1,0,0,0,0,1,0),
e2 (0,1,0,0,0,1,0,0,0,0),
e3 (0,0,0,0,1,0,1,0,0,0),
e4 (0,0,0,0,1,1,0,0,0,0),
e5 (0,0,0,1,0,0,0,0,0,1),
e6 (0,0,0,1,0,1,0,0,0,0),
e7 (0,1,1,0,0,0,0,0,0,0),
e8 (0,0,0,0,0,1,0,0,0,1),
e9 (0,0,0,0,0,0,1,0,0,1),
e10 (0,0,0,0,1,0,0,0,0,1),
e11 (0,0,0,1,1,0,0,0,0,0),
e12 (0,0,1,0,0,0,0,0,0,1),
e13 (0,0,1,0,0,0,1,0,0,0),
e14 (0,0,1,1,0,0,0,0,0,0),
e15 (0,0,0,0,0,0,0,1,1,0),
e16 (1,0,0,1,0,0,0,0,0,0),
e17 (1,0,0,0,0,0,0,0,1,0),
e18 (1,0,0,0,0,1,0,0,0,0),
e19 (0,0,1,0,1,0,0,0,0,0),
L'inverse de cette representation est l'identite.

e0 (0,0,1,0,0,1,0,0,0,0),
e1 (0,0,0,1,0,0,0,0,1,0),
e2 (0,1,0,0,0,1,0,0,0,0),
e3 (0,0,0,0,1,0,1,0,0,0),
e4 (0,0,0,0,1,1,0,0,0,0),
e5 (0,0,0,1,0,0,0,0,0,1),
e6 (0,0,0,1,0,1,0,0,0,0),
e7 (0,1,1,0,0,0,0,0,0,0),
e8 (0,0,0,0,0,1,0,0,0,1),
e9 (0,0,0,0,0,0,1,0,0,1),
e10 (0,0,0,0,1,0,0,0,0,1),
e11 (0,0,0,1,1,0,0,0,0,0),
e12 (0,0,1,0,0,0,0,0,0,1),
e13 (0,0,1,0,0,0,1,0,0,0),
e14 (0,0,1,1,0,0,0,0,0,0),
e15 (0,0,0,0,0,0,0,1,1,0),
e16 (1,0,0,1,0,0,0,0,0,0),
e17 (1,0,0,0,0,0,0,0,1,0),
e18 (1,0,0,0,0,1,0,0,0,0),
e19 (0,0,1,0,1,0,0,0,0,0),

Nombre de voisins de 0 : 3
3, 8, 5, 
Noeuds accessibles depuis le noeud 0 via le parcours en largeur : 
0, 3, 8, 5, 9, 4, 2, 7, 1, 6, 
Noeuds accessibles depuis le noeud 0 via le parcours en profondeur : 
0, 3, 8, 7, 9, 5, 2, 1, 6, 4, 
Le graphe est connexe
L'inverse de cette representation est l'identite.
L'inverse de cette representation est l'identite.
Le graphe est fortement connexe

Nombre de noeuds : 10
Nombre d'aretes' : 20
L'arete (0,0) ne doit pas exister : 0
L'arete (1,0) doit exister : 1

Nombre de noeuds : 10
Nombre d'aretes' : 21
L'arete (1,0) ne doit plus exister : 0


*****************************************
****** LANCEMENT DU SCRIPT MAKE.SH ******
*****************************************

 >> Compilation des differentes representations de graphes.
 >> Compilation des elements relatifs a la matrice d'adjacence non orientee.
 >> Compilation des elements relatifs a la matrice d'adjacence orientee.
 >> Compilation des elements relatifs a la list d'adjacence non orientee.
 >> Compilation des elements relatifs a la list d'adjacence orientee.
 >> Compilation des elements relatifs a la matrice d'incidence non orientee.

(0,1,1,0,0,1,0,0,1,0),
(1,0,1,1,0,0,1,0,0,0),
(1,1,0,0,1,0,0,0,0,0),
(0,1,0,0,0,0,1,1,0,1),
(0,0,1,0,0,1,0,1,0,0),
(1,0,0,0,1,0,1,0,1,1),
(0,1,0,1,0,1,0,1,1,0),
(0,0,0,1,1,0,1,0,0,1),
(1,0,0,0,0,1,1,0,0,1),
(0,0,0,1,0,1,0,1,1,0),
L'inverse de cette representation est l'identite.

(0,1,1,0,0,1,0,0,1,0),
(1,0,1,1,0,0,1,0,0,0),
(1,1,0,0,1,0,0,0,0,0),
(0,1,0,0,0,0,1,1,0,1),
(0,0,1,0,0,1,0,1,0,0),
(1,0,0,0,1,0,1,0,1,1),
(0,1,0,1,0,1,0,1,1,0),
(0,0,0,1,1,0,1,0,0,1),
(1,0,0,0,0,1,1,0,0,1),
(0,0,0,1,0,1,0,1,1,0),
L'inverse de cette representation est l'identite.

(0,1,1,0,0,1,0,0,1,0),
(1,0,1,1,0,0,1,0,0,0),
(1,1,0,0,1,0,0,0,0,0),
(0,1,0,0,0,0,1,1,0,1),
(0,0,1,0,0,1,0,1,0,0),
(1,0,0,0,1,0,1,0,1,1),
(0,1,0,1,0,1,0,1,1,0),
(0,0,0,1,1,0,1,0,0,1),
(1,0,0,0,0,1,1,0,0,1),
(0,0,0,1,0,1,0,1,1,0),

Nombre de voisins de 0 : 4
1, 2, 5, 8, 
Noeuds accessibles depuis le noeud 0 via le parcours en largeur : 
0, 1, 2, 5, 8, 3, 6, 4, 9, 7, 
Noeuds accessibles depuis le noeud 0 via le parcours en profondeur : 
0, 1, 2, 4, 5, 6, 3, 7, 9, 8, 
Le graphe est connexe
L'inverse de cette representation est l'identite.
L'inverse de cette representation est l'identite.
Le graphe est fortement connexe

Nombre de noeuds : 10
Nombre d'aretes' : 20
L'arete (0,0) ne doit pas exister : 0
L'arete (1,0) doit exister : 1

Nombre de noeuds : 10
Nombre d'aretes' : 20
L'arete (1,0) ne doit plus exister : 0

(0,0,0,9,5,5,0,0,0,0),
(8,0,0,1,0,0,0,0,0,0),
(0,0,0,0,9,0,0,0,6,0),
(0,0,0,0,0,0,7,0,0,0),
(7,0,0,0,0,0,0,7,0,0),
(0,0,0,0,0,0,8,0,0,7),
(0,0,0,3,7,0,0,1,8,0),
(0,0,0,0,0,0,6,0,6,0),
(0,0,0,0,0,0,0,0,0,1),
(0,0,0,0,0,0,0,0,0,0),

(0,8,0,0,7,0,0,0,0,0),
(0,0,0,0,0,0,0,0,0,0),
(0,0,0,0,0,0,0,0,0,0),
(9,1,0,0,0,0,3,0,0,0),
(5,0,9,0,0,0,7,0,0,0),
(5,0,0,0,0,0,0,0,0,0),
(0,0,0,7,0,8,0,6,0,0),
(0,0,0,0,7,0,1,0,0,0),
(0,0,6,0,0,0,8,6,0,0),
(0,0,0,0,0,7,0,0,1,0),

(0,0,0,9,5,5,0,0,0,0),
(8,0,0,1,0,0,0,0,0,0),
(0,0,0,0,9,0,0,0,6,0),
(0,0,0,0,0,0,7,0,0,0),
(7,0,0,0,0,0,0,7,0,0),
(0,0,0,0,0,0,8,0,0,7),
(0,0,0,3,7,0,0,1,8,0),
(0,0,0,0,0,0,6,0,6,0),
(0,0,0,0,0,0,0,0,0,1),
(0,0,0,0,0,0,0,0,0,0),

Nombre de predecesseurs de 0 : 2
1, 4, 
Nombre de successeurs de 0 : 3
3, 4, 5, 
Noeuds accessibles depuis le noeud 0 via le parcours en largeur : 
0, 3, 4, 5, 6, 7, 9, 8, 
Noeuds accessibles depuis le noeud 0 via le parcours en profondeur : 
0, 3, 6, 4, 7, 8, 9, 5, 
Le graphe n'est pas connexe
Le graphe n'est pas fortement connexe

Nombre de noeuds : 10
Nombre d'aretes' : 20
L'arete (0,0) ne doit pas exister : 0
L'arete (1,0) doit exister : 1

Nombre de noeuds : 10
Nombre d'aretes' : 20
L'arete (1,0) ne doit plus exister : 1

[0] : (2,1,8,5),
[1] : (2,3,6,0),
[2] : (1,0,4),
[3] : (9,6,7,1),
[4] : (7,2,5),
[5] : (8,9,6,0,4),
[6] : (8,3,1,7,5),
[7] : (3,4,9,6),
[8] : (9,6,5,0),
[9] : (8,3,5,7),
L'inverse de cette representation est l'identite.

[0] : (2,1,8,5),
[1] : (2,3,6,0),
[2] : (1,0,4),
[3] : (9,6,7,1),
[4] : (7,2,5),
[5] : (8,9,6,0,4),
[6] : (8,3,1,7,5),
[7] : (3,4,9,6),
[8] : (9,6,5,0),
[9] : (8,3,5,7),
L'inverse de cette representation est l'identite.

[0] : (2,1,8,5),
[1] : (2,3,6,0),
[2] : (1,0,4),
[3] : (9,6,7,1),
[4] : (7,2,5),
[5] : (8,9,6,0,4),
[6] : (8,3,1,7,5),
[7] : (3,4,9,6),
[8] : (9,6,5,0),
[9] : (8,3,5,7),

Nombre de voisins de 0 : 4
2, 1, 8, 5, 
Noeuds accessibles depuis le noeud 0 via le parcours en largeur : 
0, 2, 1, 8, 5, 4, 3, 6, 9, 7, 
Noeuds accessibles depuis le noeud 0 via le parcours en profondeur : 
0, 2, 1, 3, 9, 8, 6, 7, 4, 5, 
Le graphe est connexe
L'inverse de cette representation est l'identite.
L'inverse de cette representation est l'identite.
Le graphe est fortement connexe

Nombre de noeuds : 10
Nombre d'aretes' : 20
L'arete (0,0) ne doit pas exister : 0
L'arete (1,0) doit exister : 1

Nombre de noeuds : 10
Nombre d'aretes' : 20
L'arete (1,0) ne doit plus exister : 0

[0] : (3,4,5),
[1] : (3,0),
[2] : (8,4),
[3] : (6),
[4] : (7,0,3),
[5] : (6,9),
[6] : (3,4,8,7),
[7] : (8,6),
[8] : (9),
[9] : (),

[0] : (1,4),
[1] : (),
[2] : (),
[3] : (0,1,4,6),
[4] : (0,2,6),
[5] : (0),
[6] : (3,5,7),
[7] : (4,6),
[8] : (2,6,7),
[9] : (5,8),

[0] : (3,4,5),
[1] : (0,3),
[2] : (4,8),
[3] : (6),
[4] : (0,3,7),
[5] : (6,9),
[6] : (3,4,7,8),
[7] : (6,8),
[8] : (9),
[9] : (),

Nombre de predecesseurs de 0 : 2
1, 4, 
Nombre de successeurs de 0 : 3
3, 4, 5, 
Noeuds accessibles depuis le noeud 0 via le parcours en largeur : 
0, 3, 4, 5, 6, 7, 9, 8, 
Noeuds accessibles depuis le noeud 0 via le parcours en profondeur : 
0, 3, 6, 4, 7, 8, 9, 5, 
Le graphe n'est pas connexe
Le graphe n'est pas fortement connexe

Nombre de noeuds : 10
Nombre d'aretes' : 20
L'arete (0,0) ne doit pas exister : 0
L'arete (1,0) doit exister : 1

Nombre de noeuds : 10
Nombre d'aretes' : 20
L'arete (1,0) ne doit plus exister : 0

e0 (0,0,0,0,0,0,0,0,1,1),
e1 (0,1,1,0,0,0,0,0,0,0),
e2 (0,0,0,0,0,0,1,0,1,0),
e3 (1,0,1,0,0,0,0,0,0,0),
e4 (0,0,0,1,0,0,0,0,0,1),
e5 (0,0,0,1,0,0,1,0,0,0),
e6 (0,0,0,1,0,0,0,1,0,0),
e7 (0,1,0,1,0,0,0,0,0,0),
e8 (0,1,0,0,0,0,1,0,0,0),
e9 (0,0,0,0,1,0,0,1,0,0),
e10 (1,1,0,0,0,0,0,0,0,0),
e11 (0,0,0,0,0,1,0,0,1,0),
e12 (0,0,1,0,1,0,0,0,0,0),
e13 (0,0,0,0,0,1,0,0,0,1),
e14 (0,0,0,0,0,0,0,1,0,1),
e15 (0,0,0,0,0,0,1,1,0,0),
e16 (1,0,0,0,0,0,0,0,1,0),
e17 (0,0,0,0,0,1,1,0,0,0),
e18 (1,0,0,0,0,1,0,0,0,0),
e19 (0,0,0,0,1,1,0,0,0,0),
L'inverse de cette representation est l'identite.

e0 (0,0,0,0,0,0,0,0,1,1),
e1 (0,1,1,0,0,0,0,0,0,0),
e2 (0,0,0,0,0,0,1,0,1,0),
e3 (1,0,1,0,0,0,0,0,0,0),
e4 (0,0,0,1,0,0,0,0,0,1),
e5 (0,0,0,1,0,0,1,0,0,0),
e6 (0,0,0,1,0,0,0,1,0,0),
e7 (0,1,0,1,0,0,0,0,0,0),
e8 (0,1,0,0,0,0,1,0,0,0),
e9 (0,0,0,0,1,0,0,1,0,0),
e10 (1,1,0,0,0,0,0,0,0,0),
e11 (0,0,0,0,0,1,0,0,1,0),
e12 (0,0,1,0,1,0,0,0,0,0),
e13 (0,0,0,0,0,1,0,0,0,1),
e14 (0,0,0,0,0,0,0,1,0,1),
e15 (0,0,0,0,0,0,1,1,0,0),
e16 (1,0,0,0,0,0,0,0,1,0),
e17 (0,0,0,0,0,1,1,0,0,0),
e18 (1,0,0,0,0,1,0,0,0,0),
e19 (0,0,0,0,1,1,0,0,0,0),
L'inverse de cette representation est l'identite.

e0 (0,0,0,0,0,0,0,0,1,1),
e1 (0,1,1,0,0,0,0,0,0,0),
e2 (0,0,0,0,0,0,1,0,1,0),
e3 (1,0,1,0,0,0,0,0,0,0),
e4 (0,0,0,1,0,0,0,0,0,1),
e5 (0,0,0,1,0,0,1,0,0,0),
e6 (0,0,0,1,0,0,0,1,0,0),
e7 (0,1,0,1,0,0,0,0,0,0),
e8 (0,1,0,0,0,0,1,0,0,0),
e9 (0,0,0,0,1,0,0,1,0,0),
e10 (1,1,0,0,0,0,0,0,0,0),
e11 (0,0,0,0,0,1,0,0,1,0),
e12 (0,0,1,0,1,0,0,0,0,0),
e13 (0,0,0,0,0,1,0,0,0,1),
e14 (0,0,0,0,0,0,0,1,0,1),
e15 (0,0,0,0,0,0,1,1,0,0),
e16 (1,0,0,0,0,0,0,0,1,0),
e17 (0,0,0,0,0,1,1,0,0,0),
e18 (1,0,0,0,0,1,0,0,0,0),
e19 (0,0,0,0,1,1,0,0,0,0),

Nombre de voisins de 0 : 4
2, 1, 8, 5, 
Noeuds accessibles depuis le noeud 0 via le parcours en largeur : 
0, 2, 1, 8, 5, 4, 3, 6, 9, 7, 
Noeuds accessibles depuis le noeud 0 via le parcours en profondeur : 
0, 2, 1, 3, 9, 8, 6, 7, 4, 5, 
Le graphe est connexe
L'inverse de cette representation est l'identite.
L'inverse de cette representation est l'identite.
Le graphe est fortement connexe

Nombre de noeuds : 10
Nombre d'aretes' : 20
L'arete (0,0) ne doit pas exister : 0
L'arete (1,0) doit exister : 1

Nombre de noeuds : 10
Nombre d'aretes' : 20
L'arete (1,0) ne doit plus exister : 0


*****************************************
****** LANCEMENT DU SCRIPT MAKE.SH ******
*****************************************

 >> Compilation des differentes representations de graphes.
 >> Compilation des elements relatifs a la matrice d'adjacence non orientee.
 >> Compilation des elements relatifs a la matrice d'adjacence orientee.
 >> Compilation des elements relatifs a la list d'adjacence non orientee.
 >> Compilation des elements relatifs a la list d'adjacence orientee.
 >> Compilation des elements relatifs a la matrice d'incidence non orientee.

(0,8,8,0,0,5,0,0,0,0),
(8,0,0,0,0,0,0,1,9,0),
(8,0,0,8,0,0,0,5,6,0),
(0,0,8,0,3,3,9,6,3,0),
(0,0,0,3,0,0,1,0,0,0),
(5,0,0,3,0,0,0,9,1,2),
(0,0,0,9,1,0,0,0,7,0),
(0,1,5,6,0,9,0,0,9,0),
(0,9,6,3,0,1,7,9,0,5),
(0,0,0,0,0,2,0,0,5,0),
L'inverse de cette representation est l'identite.

(0,8,8,0,0,5,0,0,0,0),
(8,0,0,0,0,0,0,1,9,0),
(8,0,0,8,0,0,0,5,6,0),
(0,0,8,0,3,3,9,6,3,0),
(0,0,0,3,0,0,1,0,0,0),
(5,0,0,3,0,0,0,9,1,2),
(0,0,0,9,1,0,0,0,7,0),
(0,1,5,6,0,9,0,0,9,0),
(0,9,6,3,0,1,7,9,0,5),
(0,0,0,0,0,2,0,0,5,0),
L'inverse de cette representation est l'identite.

(0,8,8,0,0,5,0,0,0,0),
(8,0,0,0,0,0,0,1,9,0),
(8,0,0,8,0,0,0,5,6,0),
(0,0,8,0,3,3,9,6,3,0),
(0,0,0,3,0,0,1,0,0,0),
(5,0,0,3,0,0,0,9,1,2),
(0,0,0,9,1,0,0,0,7,0),
(0,1,5,6,0,9,0,0,9,0),
(0,9,6,3,0,1,7,9,0,5),
(0,0,0,0,0,2,0,0,5,0),

Nombre de voisins de 0 : 0

Noeuds accessibles depuis le noeud 0 via le parcours en largeur : 
0, 
Noeuds accessibles depuis le noeud 0 via le parcours en profondeur : 
0, 
Le graphe n'est pas connexe
L'inverse de cette representation est l'identite.
L'inverse de cette representation est l'identite.
Le graphe n'est pas fortement connexe

Nombre de noeuds : 10
Nombre d'aretes' : 20
L'arete (0,0) ne doit pas exister : 0
L'arete (1,0) doit exister : 1

Nombre de noeuds : 10
Nombre d'aretes' : 20
L'arete (1,0) ne doit plus exister : 1

(0,0,8,0,0,0,0,0,0,0),
(8,0,0,0,0,0,0,0,9,0),
(0,0,0,6,0,0,0,5,0,0),
(0,0,8,0,3,3,9,0,3,0),
(0,0,0,0,0,0,1,0,0,0),
(5,0,0,0,0,0,0,0,0,0),
(0,0,0,0,0,0,0,0,0,0),
(0,1,0,0,0,9,0,0,0,0),
(0,9,6,0,0,1,0,9,0,5),
(0,0,0,0,0,2,0,0,0,0),

(0,8,0,0,0,5,0,0,0,0),
(0,0,0,0,0,0,0,1,9,0),
(8,0,0,8,0,0,0,0,6,0),
(0,0,6,0,0,0,0,0,0,0),
(0,0,0,3,0,0,0,0,0,0),
(0,0,0,3,0,0,0,9,1,2),
(0,0,0,9,1,0,0,0,0,0),
(0,0,5,0,0,0,0,0,9,0),
(0,9,0,3,0,0,0,0,0,0),
(0,0,0,0,0,0,0,0,5,0),

(0,0,8,0,0,0,0,0,0,0),
(8,0,0,0,0,0,0,0,9,0),
(0,0,0,6,0,0,0,5,0,0),
(0,0,8,0,3,3,9,0,3,0),
(0,0,0,0,0,0,1,0,0,0),
(5,0,0,0,0,0,0,0,0,0),
(0,0,0,0,0,0,0,0,0,0),
(0,1,0,0,0,9,0,0,0,0),
(0,9,6,0,0,1,0,9,0,5),
(0,0,0,0,0,2,0,0,0,0),

Nombre de predecesseurs de 0 : 2
1, 5, 
Nombre de successeurs de 0 : 1
2, 
Noeuds accessibles depuis le noeud 0 via le parcours en largeur : 
0, 2, 3, 7, 4, 5, 6, 8, 1, 9, 
Noeuds accessibles depuis le noeud 0 via le parcours en profondeur : 
0, 2, 3, 4, 6, 5, 8, 1, 7, 9, 
Le graphe est connexe
Le graphe n'est pas fortement connexe

Nombre de noeuds : 10
Nombre d'aretes' : 20
L'arete (0,0) ne doit pas exister : 0
L'arete (1,0) doit exister : 1

Nombre de noeuds : 10
Nombre d'aretes' : 20
L'arete (1,0) ne doit plus exister : 1

[0] : (8,5),
[1] : (9,5,8,2,4),
[2] : (8,3,1),
[3] : (8,9,2,4,6,5),
[4] : (3,6,1,8),
[5] : (9,7,1,3,0),
[6] : (8,3,4),
[7] : (5),
[8] : (3,2,6,9,1,0,4),
[9] : (3,5,1,8),
L'inverse de cette representation est l'identite.

[0] : (8,5),
[1] : (9,5,8,2,4),
[2] : (8,3,1),
[3] : (8,9,2,4,6,5),
[4] : (3,6,1,8),
[5] : (9,7,1,3,0),
[6] : (8,3,4),
[7] : (5),
[8] : (3,2,6,9,1,0,4),
[9] : (3,5,1,8),
L'inverse de cette representation est l'identite.

[0] : (8,5),
[1] : (9,5,8,2,4),
[2] : (8,3,1),
[3] : (8,9,2,4,6,5),
[4] : (3,6,1,8),
[5] : (9,7,1,3,0),
[6] : (8,3,4),
[7] : (5),
[8] : (3,2,6,9,1,0,4),
[9] : (3,5,1,8),

Nombre de voisins de 0 : 2
8, 5, 
Noeuds accessibles depuis le noeud 0 via le parcours en largeur : 
0, 8, 5, 3, 2, 6, 9, 1, 4, 7, 
Noeuds accessibles depuis le noeud 0 via le parcours en profondeur : 
0, 8, 3, 9, 5, 7, 1, 2, 4, 6, 
Le graphe est connexe
L'inverse de cette representation est l'identite.
L'inverse de cette representation est l'identite.
Le graphe est fortement connexe

Nombre de noeuds : 10
Nombre d'aretes' : 20
L'arete (0,0) ne doit pas exister : 0
L'arete (1,0) doit exister : 1

Nombre de noeuds : 10
Nombre d'aretes' : 21
L'arete (1,0) ne doit plus exister : 0

[0] : (2),
[1] : (8,0),
[2] : (7,3),
[3] : (8,2,4,6,5),
[4] : (6),
[5] : (0),
[6] : (),
[7] : (1,5),
[8] : (2,1,9,5,7),
[9] : (5),

[0] : (1,5),
[1] : (7,8),
[2] : (0,3,8),
[3] : (2),
[4] : (3),
[5] : (3,7,8,9),
[6] : (3,4),
[7] : (2,8),
[8] : (1,3),
[9] : (8),

[0] : (2),
[1] : (0,8),
[2] : (3,7),
[3] : (2,4,5,6,8),
[4] : (6),
[5] : (0),
[6] : (),
[7] : (1,5),
[8] : (1,2,5,7,9),
[9] : (5),

Nombre de predecesseurs de 0 : 2
1, 5, 
Nombre de successeurs de 0 : 1
2, 
Noeuds accessibles depuis le noeud 0 via le parcours en largeur : 
0, 2, 3, 7, 4, 5, 6, 8, 1, 9, 
Noeuds accessibles depuis le noeud 0 via le parcours en profondeur : 
0, 2, 3, 4, 6, 5, 8, 1, 7, 9, 
Le graphe est connexe
Le graphe n'est pas fortement connexe

Nombre de noeuds : 10
Nombre d'aretes' : 20
L'arete (0,0) ne doit pas exister : 0
L'arete (1,0) doit exister : 1

Nombre de noeuds : 10
Nombre d'aretes' : 20
L'arete (1,0) ne doit plus exister : 0

e0 (0,0,0,1,0,0,0,0,1,0),
e1 (0,0,0,1,0,0,0,0,0,1),
e2 (0,0,0,0,0,1,0,0,0,1),
e3 (0,0,1,0,0,0,0,0,1,0),
e4 (0,0,0,0,0,0,1,0,1,0),
e5 (0,1,0,0,0,0,0,0,0,1),
e6 (0,0,1,1,0,0,0,0,0,0),
e7 (0,0,0,0,0,1,0,1,0,0),
e8 (0,0,0,1,1,0,0,0,0,0),
e9 (0,0,0,0,0,0,0,0,1,1),
e10 (0,0,0,1,0,0,1,0,0,0),
e11 (0,1,0,0,0,1,0,0,0,0),
e12 (0,0,0,1,0,1,0,0,0,0),
e13 (0,1,0,0,0,0,0,0,1,0),
e14 (1,0,0,0,0,0,0,0,1,0),
e15 (0,1,1,0,0,0,0,0,0,0),
e16 (0,0,0,0,1,0,1,0,0,0),
e17 (0,1,0,0,1,0,0,0,0,0),
e18 (0,0,0,0,1,0,0,0,1,0),
e19 (1,0,0,0,0,1,0,0,0,0),
L'inverse de cette representation est l'identite.

e0 (0,0,0,1,0,0,0,0,1,0),
e1 (0,0,0,1,0,0,0,0,0,1),
e2 (0,0,0,0,0,1,0,0,0,1),
e3 (0,0,1,0,0,0,0,0,1,0),
e4 (0,0,0,0,0,0,1,0,1,0),
e5 (0,1,0,0,0,0,0,0,0,1),
e6 (0,0,1,1,0,0,0,0,0,0),
e7 (0,0,0,0,0,1,0,1,0,0),
e8 (0,0,0,1,1,0,0,0,0,0),
e9 (0,0,0,0,0,0,0,0,1,1),
e10 (0,0,0,1,0,0,1,0,0,0),
e11 (0,1,0,0,0,1,0,0,0,0),
e12 (0,0,0,1,0,1,0,0,0,0),
e13 (0,1,0,0,0,0,0,0,1,0),
e14 (1,0,0,0,0,0,0,0,1,0),
e15 (0,1,1,0,0,0,0,0,0,0),
e16 (0,0,0,0,1,0,1,0,0,0),
e17 (0,1,0,0,1,0,0,0,0,0),
e18 (0,0,0,0,1,0,0,0,1,0),
e19 (1,0,0,0,0,1,0,0,0,0),
L'inverse de cette representation est l'identite.

e0 (0,0,0,1,0,0,0,0,1,0),
e1 (0,0,0,1,0,0,0,0,0,1),
e2 (0,0,0,0,0,1,0,0,0,1),
e3 (0,0,1,0,0,0,0,0,1,0),
e4 (0,0,0,0,0,0,1,0,1,0),
e5 (0,1,0,0,0,0,0,0,0,1),
e6 (0,0,1,1,0,0,0,0,0,0),
e7 (0,0,0,0,0,1,0,1,0,0),
e8 (0,0,0,1,1,0,0,0,0,0),
e9 (0,0,0,0,0,0,0,0,1,1),
e10 (0,0,0,1,0,0,1,0,0,0),
e11 (0,1,0,0,0,1,0,0,0,0),
e12 (0,0,0,1,0,1,0,0,0,0),
e13 (0,1,0,0,0,0,0,0,1,0),
e14 (1,0,0,0,0,0,0,0,1,0),
e15 (0,1,1,0,0,0,0,0,0,0),
e16 (0,0,0,0,1,0,1,0,0,0),
e17 (0,1,0,0,1,0,0,0,0,0),
e18 (0,0,0,0,1,0,0,0,1,0),
e19 (1,0,0,0,0,1,0,0,0,0),

Nombre de voisins de 0 : 2
8, 5, 
Noeuds accessibles depuis le noeud 0 via le parcours en largeur : 
0, 8, 5, 3, 2, 6, 9, 1, 4, 7, 
Noeuds accessibles depuis le noeud 0 via le parcours en profondeur : 
0, 8, 3, 9, 5, 7, 1, 2, 4, 6, 
Le graphe est connexe
L'inverse de cette representation est l'identite.
L'inverse de cette representation est l'identite.
Le graphe est fortement connexe

Nombre de noeuds : 10
Nombre d'aretes' : 20
L'arete (0,0) ne doit pas exister : 0
L'arete (1,0) doit exister : 1

Nombre de noeuds : 10
Nombre d'aretes' : 21
L'arete (1,0) ne doit plus exister : 0
